0 info it worked if it ends with ok
1 verbose cli [ 'node', '/usr/local/bin/npm', 'install', 'gitbook-pdf', '-g' ]
2 info using npm@2.5.1
3 info using node@v0.12.0
4 silly cache add args [ 'gitbook-pdf', null ]
5 verbose cache add spec gitbook-pdf
6 silly cache add parsed spec { raw: 'gitbook-pdf',
6 silly cache add   scope: null,
6 silly cache add   name: 'gitbook-pdf',
6 silly cache add   rawSpec: '',
6 silly cache add   spec: '*',
6 silly cache add   type: 'range' }
7 verbose addNamed gitbook-pdf@*
8 silly addNamed semver.valid null
9 silly addNamed semver.validRange *
10 silly addNameRange { name: 'gitbook-pdf', range: '*', hasData: false }
11 silly mapToRegistry name gitbook-pdf
12 silly mapToRegistry using default registry
13 silly mapToRegistry registry https://registry.npmjs.org/
14 silly mapToRegistry uri https://registry.npmjs.org/gitbook-pdf
15 verbose addNameRange registry:https://registry.npmjs.org/gitbook-pdf not in flight; fetching
16 verbose request uri https://registry.npmjs.org/gitbook-pdf
17 verbose request no auth needed
18 info attempt registry request try #1 at 23:26:20
19 verbose request id 488eda34a11be54b
20 verbose etag "2AHAI094TSYX8MNMGON25D4OP"
21 http request GET https://registry.npmjs.org/gitbook-pdf
22 http 200 https://registry.npmjs.org/gitbook-pdf
23 silly get cb [ 200,
23 silly get   { date: 'Tue, 17 Mar 2015 15:26:22 GMT',
23 silly get     server: 'CouchDB/1.5.0 (Erlang OTP/R16B03)',
23 silly get     etag: '"1TJ5ZKSZLOC0GCDPGB3TWAZ3N"',
23 silly get     'content-type': 'application/json',
23 silly get     'cache-control': 'max-age=60',
23 silly get     'content-length': '2987',
23 silly get     'accept-ranges': 'bytes',
23 silly get     via: '1.1 varnish',
23 silly get     age: '0',
23 silly get     'x-served-by': 'cache-nrt6125-NRT',
23 silly get     'x-cache': 'MISS',
23 silly get     'x-cache-hits': '0',
23 silly get     'x-timer': 'S1426605981.933558,VS0,VE841',
23 silly get     vary: 'Accept',
23 silly get     'keep-alive': 'timeout=10, max=50',
23 silly get     connection: 'Keep-Alive' } ]
24 verbose get saving gitbook-pdf to /Users/tao/.npm/registry.npmjs.org/gitbook-pdf/.cache.json
25 silly addNameRange number 2 { name: 'gitbook-pdf', range: '*', hasData: true }
26 silly addNameRange versions [ 'gitbook-pdf', [ '0.0.1', '0.0.2' ] ]
27 verbose addNamed gitbook-pdf@0.0.2
28 silly addNamed semver.valid 0.0.2
29 silly addNamed semver.validRange 0.0.2
30 silly cache afterAdd gitbook-pdf@0.0.2
31 verbose afterAdd /Users/tao/.npm/gitbook-pdf/0.0.2/package/package.json not in flight; writing
32 verbose afterAdd /Users/tao/.npm/gitbook-pdf/0.0.2/package/package.json written
33 silly install resolved [ { name: 'gitbook-pdf',
33 silly install resolved     version: '0.0.2',
33 silly install resolved     description: 'PDF Generator for GitBook',
33 silly install resolved     main: 'lib/index.js',
33 silly install resolved     dependencies:
33 silly install resolved      { q: '1.0.1',
33 silly install resolved        lodash: '2.4.1',
33 silly install resolved        commander: '2.2.0',
33 silly install resolved        phantomjs: '1.9.7-5' },
33 silly install resolved     bin: { 'gitbook-pdf': './bin/gitbook-pdf.js' },
33 silly install resolved     repository:
33 silly install resolved      { type: 'git',
33 silly install resolved        url: 'https://github.com/GitbookIO/gitbook-pdf.git' },
33 silly install resolved     keywords: [ 'git', 'book', 'gitbook', 'pdf' ],
33 silly install resolved     author: { name: 'Samy Pessé', email: 'samypesse@gmail.com' },
33 silly install resolved     license: 'Apache 2',
33 silly install resolved     bugs: { url: 'https://github.com/GitbookIO/gitbook-pdf/issues' },
33 silly install resolved     homepage: 'https://github.com/GitbookIO/gitbook-pdf',
33 silly install resolved     _id: 'gitbook-pdf@0.0.2',
33 silly install resolved     dist:
33 silly install resolved      { shasum: 'f63db2806a0c498a116d30e78323881e53d1e75c',
33 silly install resolved        tarball: 'http://registry.npmjs.org/gitbook-pdf/-/gitbook-pdf-0.0.2.tgz' },
33 silly install resolved     _from: 'gitbook-pdf@*',
33 silly install resolved     _npmVersion: '1.4.3',
33 silly install resolved     _npmUser: { name: 'samypesse', email: 'samypesse@gmail.com' },
33 silly install resolved     maintainers: [ [Object] ],
33 silly install resolved     directories: {},
33 silly install resolved     _shasum: 'f63db2806a0c498a116d30e78323881e53d1e75c',
33 silly install resolved     _resolved: 'https://registry.npmjs.org/gitbook-pdf/-/gitbook-pdf-0.0.2.tgz',
33 silly install resolved     readme: 'ERROR: No README data found!' } ]
34 info install gitbook-pdf@0.0.2 into /usr/local/lib
35 info installOne gitbook-pdf@0.0.2
36 verbose installOne of gitbook-pdf to /usr/local/lib not in flight; installing
37 verbose lock using /Users/tao/.npm/_locks/gitbook-pdf-9a497d59d7fb009a.lock for /usr/local/lib/node_modules/gitbook-pdf
38 silly install write writing gitbook-pdf 0.0.2 to /usr/local/lib/node_modules/gitbook-pdf
39 silly cache addNamed cb gitbook-pdf@0.0.2
40 verbose unbuild lib/node_modules/gitbook-pdf
41 verbose gentlyRm vacuuming /usr/local/lib/node_modules/gitbook-pdf
42 verbose tar unpack /Users/tao/.npm/gitbook-pdf/0.0.2/package.tgz
43 verbose tar unpacking to /usr/local/lib/node_modules/gitbook-pdf
44 verbose gentlyRm vacuuming /usr/local/lib/node_modules/gitbook-pdf
45 silly gunzTarPerm modes [ '755', '644' ]
46 error tar.unpack untar error /Users/tao/.npm/gitbook-pdf/0.0.2/package.tgz
47 verbose unlock done using /Users/tao/.npm/_locks/gitbook-pdf-9a497d59d7fb009a.lock for /usr/local/lib/node_modules/gitbook-pdf
48 verbose fstream_path /usr/local/lib/node_modules/gitbook-pdf
49 verbose fstream_type Directory
50 verbose fstream_class DirWriter
51 verbose stack Error: EACCES, mkdir '/usr/local/lib/node_modules/gitbook-pdf'
51 verbose stack     at Error (native)
52 verbose fstream_stack /usr/local/lib/node_modules/npm/node_modules/fstream/lib/dir-writer.js:36:23
52 verbose fstream_stack /usr/local/lib/node_modules/npm/node_modules/mkdirp/index.js:46:53
52 verbose fstream_stack FSReqWrap.oncomplete (fs.js:99:15)
53 verbose cwd /Users/tao/dev/Github/pythoncamp0
54 error Darwin 14.1.0
55 error argv "node" "/usr/local/bin/npm" "install" "gitbook-pdf" "-g"
56 error node v0.12.0
57 error npm  v2.5.1
58 error path /usr/local/lib/node_modules/gitbook-pdf
59 error code EACCES
60 error errno -13
61 error Error: EACCES, mkdir '/usr/local/lib/node_modules/gitbook-pdf'
61 error     at Error (native)
61 error  { [Error: EACCES, mkdir '/usr/local/lib/node_modules/gitbook-pdf']
61 error   errno: -13,
61 error   code: 'EACCES',
61 error   path: '/usr/local/lib/node_modules/gitbook-pdf',
61 error   fstream_type: 'Directory',
61 error   fstream_path: '/usr/local/lib/node_modules/gitbook-pdf',
61 error   fstream_class: 'DirWriter',
61 error   fstream_stack:
61 error    [ '/usr/local/lib/node_modules/npm/node_modules/fstream/lib/dir-writer.js:36:23',
61 error      '/usr/local/lib/node_modules/npm/node_modules/mkdirp/index.js:46:53',
61 error      'FSReqWrap.oncomplete (fs.js:99:15)' ] }
62 error Please try running this command again as root/Administrator.
63 verbose exit [ -13, true ]
64 verbose unbuild lib/node_modules/gitbook-pdf
65 verbose gentlyRm vacuuming /usr/local/lib/node_modules/gitbook-pdf
